2026-01-15 17:00:33,166 - WARNING - \u26a0\ufe0f Este dialeto n緌 implementa 'get_unique_constraints'. Continuando sem verificar unicidade...
2026-01-15 17:00:33,924 - WARNING - \u26a0\ufe0f Este dialeto n緌 implementa 'get_unique_constraints'. Continuando sem verificar unicidade...
2026-01-15 17:00:34,481 - WARNING - \u26a0\ufe0f Este dialeto n緌 implementa 'get_unique_constraints'. Continuando sem verificar unicidade...
2026-01-15 17:00:34,911 - WARNING - \u26a0\ufe0f Este dialeto n緌 implementa 'get_unique_constraints'. Continuando sem verificar unicidade...
2026-01-15 17:00:35,223 - WARNING - \u26a0\ufe0f Este dialeto n緌 implementa 'get_unique_constraints'. Continuando sem verificar unicidade...
2026-01-15 17:00:35,549 - WARNING - \u26a0\ufe0f Este dialeto n緌 implementa 'get_unique_constraints'. Continuando sem verificar unicidade...
2026-01-15 17:00:35,883 - WARNING - \u26a0\ufe0f Este dialeto n緌 implementa 'get_unique_constraints'. Continuando sem verificar unicidade...
2026-01-15 17:00:36,403 - WARNING - \u26a0\ufe0f Este dialeto n緌 implementa 'get_unique_constraints'. Continuando sem verificar unicidade...
2026-01-15 17:00:36,993 - WARNING - \u26a0\ufe0f Este dialeto n緌 implementa 'get_unique_constraints'. Continuando sem verificar unicidade...
2026-01-15 17:00:37,696 - WARNING - \u26a0\ufe0f Este dialeto n緌 implementa 'get_unique_constraints'. Continuando sem verificar unicidade...
2026-01-15 17:00:37,979 - WARNING - \u26a0\ufe0f Este dialeto n緌 implementa 'get_unique_constraints'. Continuando sem verificar unicidade...
2026-01-15 17:00:38,399 - WARNING - \u26a0\ufe0f Este dialeto n緌 implementa 'get_unique_constraints'. Continuando sem verificar unicidade...
2026-01-15 17:00:38,715 - WARNING - \u26a0\ufe0f Este dialeto n緌 implementa 'get_unique_constraints'. Continuando sem verificar unicidade...
2026-01-15 17:00:39,068 - WARNING - \u26a0\ufe0f Este dialeto n緌 implementa 'get_unique_constraints'. Continuando sem verificar unicidade...
2026-01-15 17:00:39,438 - WARNING - \u26a0\ufe0f Este dialeto n緌 implementa 'get_unique_constraints'. Continuando sem verificar unicidade...
2026-01-15 17:00:39,871 - WARNING - \u26a0\ufe0f Este dialeto n緌 implementa 'get_unique_constraints'. Continuando sem verificar unicidade...
2026-01-15 17:00:40,503 - WARNING - \u26a0\ufe0f Este dialeto n緌 implementa 'get_unique_constraints'. Continuando sem verificar unicidade...
2026-01-15 17:00:41,271 - WARNING - \u26a0\ufe0f Este dialeto n緌 implementa 'get_unique_constraints'. Continuando sem verificar unicidade...
2026-01-15 17:00:42,124 - WARNING - \u26a0\ufe0f Este dialeto n緌 implementa 'get_unique_constraints'. Continuando sem verificar unicidade...
2026-01-15 17:00:44,414 - WARNING - \u26a0\ufe0f Este dialeto n緌 implementa 'get_unique_constraints'. Continuando sem verificar unicidade...
2026-01-15 17:00:44,795 - WARNING - \u26a0\ufe0f Este dialeto n緌 implementa 'get_unique_constraints'. Continuando sem verificar unicidade...
2026-01-15 17:00:45,108 - WARNING - \u26a0\ufe0f Este dialeto n緌 implementa 'get_unique_constraints'. Continuando sem verificar unicidade...
2026-01-15 17:00:45,383 - WARNING - \u26a0\ufe0f Este dialeto n緌 implementa 'get_unique_constraints'. Continuando sem verificar unicidade...
2026-01-15 17:00:45,698 - WARNING - \u26a0\ufe0f Este dialeto n緌 implementa 'get_unique_constraints'. Continuando sem verificar unicidade...
2026-01-15 17:00:46,171 - WARNING - \u26a0\ufe0f Este dialeto n緌 implementa 'get_unique_constraints'. Continuando sem verificar unicidade...
2026-01-15 17:00:46,499 - WARNING - \u26a0\ufe0f Este dialeto n緌 implementa 'get_unique_constraints'. Continuando sem verificar unicidade...
2026-01-15 17:00:46,735 - WARNING - \u26a0\ufe0f Este dialeto n緌 implementa 'get_unique_constraints'. Continuando sem verificar unicidade...
2026-01-15 17:00:47,095 - WARNING - \u26a0\ufe0f Este dialeto n緌 implementa 'get_unique_constraints'. Continuando sem verificar unicidade...
2026-01-15 17:00:47,596 - WARNING - \u26a0\ufe0f Este dialeto n緌 implementa 'get_unique_constraints'. Continuando sem verificar unicidade...
2026-01-15 17:00:47,850 - WARNING - \u26a0\ufe0f Este dialeto n緌 implementa 'get_unique_constraints'. Continuando sem verificar unicidade...
2026-01-15 17:00:48,167 - WARNING - \u26a0\ufe0f Este dialeto n緌 implementa 'get_unique_constraints'. Continuando sem verificar unicidade...
2026-01-15 17:00:48,586 - WARNING - \u26a0\ufe0f Este dialeto n緌 implementa 'get_unique_constraints'. Continuando sem verificar unicidade...
2026-01-15 17:00:48,961 - WARNING - \u26a0\ufe0f Este dialeto n緌 implementa 'get_unique_constraints'. Continuando sem verificar unicidade...
2026-01-15 17:00:49,292 - WARNING - \u26a0\ufe0f Este dialeto n緌 implementa 'get_unique_constraints'. Continuando sem verificar unicidade...
2026-01-15 17:00:49,553 - WARNING - \u26a0\ufe0f Este dialeto n緌 implementa 'get_unique_constraints'. Continuando sem verificar unicidade...
2026-01-15 17:00:49,977 - WARNING - \u26a0\ufe0f Este dialeto n緌 implementa 'get_unique_constraints'. Continuando sem verificar unicidade...
2026-01-15 17:00:50,388 - WARNING - \u26a0\ufe0f Este dialeto n緌 implementa 'get_unique_constraints'. Continuando sem verificar unicidade...
2026-01-15 17:00:50,804 - WARNING - \u26a0\ufe0f Este dialeto n緌 implementa 'get_unique_constraints'. Continuando sem verificar unicidade...
2026-01-15 17:00:51,292 - WARNING - \u26a0\ufe0f Este dialeto n緌 implementa 'get_unique_constraints'. Continuando sem verificar unicidade...
2026-01-15 17:00:51,638 - WARNING - \u26a0\ufe0f Este dialeto n緌 implementa 'get_unique_constraints'. Continuando sem verificar unicidade...
2026-01-15 17:00:52,087 - WARNING - \u26a0\ufe0f Este dialeto n緌 implementa 'get_unique_constraints'. Continuando sem verificar unicidade...
2026-01-15 17:00:52,506 - WARNING - \u26a0\ufe0f Este dialeto n緌 implementa 'get_unique_constraints'. Continuando sem verificar unicidade...
2026-01-15 17:00:52,784 - WARNING - \u26a0\ufe0f Este dialeto n緌 implementa 'get_unique_constraints'. Continuando sem verificar unicidade...
2026-01-15 17:00:53,098 - WARNING - \u26a0\ufe0f Este dialeto n緌 implementa 'get_unique_constraints'. Continuando sem verificar unicidade...
2026-01-15 17:00:53,615 - WARNING - \u26a0\ufe0f Este dialeto n緌 implementa 'get_unique_constraints'. Continuando sem verificar unicidade...
2026-01-15 17:00:53,852 - WARNING - \u26a0\ufe0f Este dialeto n緌 implementa 'get_unique_constraints'. Continuando sem verificar unicidade...
2026-01-15 17:00:54,166 - WARNING - \u26a0\ufe0f Este dialeto n緌 implementa 'get_unique_constraints'. Continuando sem verificar unicidade...
2026-01-15 17:00:54,425 - WARNING - \u26a0\ufe0f Este dialeto n緌 implementa 'get_unique_constraints'. Continuando sem verificar unicidade...
2026-01-15 17:00:56,015 - WARNING - \u26a0\ufe0f Este dialeto n緌 implementa 'get_unique_constraints'. Continuando sem verificar unicidade...
2026-01-15 17:00:56,360 - WARNING - \u26a0\ufe0f Este dialeto n緌 implementa 'get_unique_constraints'. Continuando sem verificar unicidade...
2026-01-15 17:00:56,591 - WARNING - \u26a0\ufe0f Este dialeto n緌 implementa 'get_unique_constraints'. Continuando sem verificar unicidade...
2026-01-15 17:00:56,873 - WARNING - \u26a0\ufe0f Este dialeto n緌 implementa 'get_unique_constraints'. Continuando sem verificar unicidade...
2026-01-15 17:00:57,202 - WARNING - \u26a0\ufe0f Este dialeto n緌 implementa 'get_unique_constraints'. Continuando sem verificar unicidade...
2026-01-15 17:00:57,540 - WARNING - \u26a0\ufe0f Este dialeto n緌 implementa 'get_unique_constraints'. Continuando sem verificar unicidade...
2026-01-15 17:00:57,857 - WARNING - \u26a0\ufe0f Este dialeto n緌 implementa 'get_unique_constraints'. Continuando sem verificar unicidade...
2026-01-15 17:00:58,187 - WARNING - \u26a0\ufe0f Este dialeto n緌 implementa 'get_unique_constraints'. Continuando sem verificar unicidade...
2026-01-15 17:00:58,631 - WARNING - \u26a0\ufe0f Este dialeto n緌 implementa 'get_unique_constraints'. Continuando sem verificar unicidade...
2026-01-15 17:00:58,930 - WARNING - \u26a0\ufe0f Este dialeto n緌 implementa 'get_unique_constraints'. Continuando sem verificar unicidade...
2026-01-15 17:00:59,419 - WARNING - \u26a0\ufe0f Este dialeto n緌 implementa 'get_unique_constraints'. Continuando sem verificar unicidade...
2026-01-15 17:00:59,858 - WARNING - \u26a0\ufe0f Este dialeto n緌 implementa 'get_unique_constraints'. Continuando sem verificar unicidade...
2026-01-15 17:01:00,188 - WARNING - \u26a0\ufe0f Este dialeto n緌 implementa 'get_unique_constraints'. Continuando sem verificar unicidade...
2026-01-15 17:01:00,862 - WARNING - \u26a0\ufe0f Este dialeto n緌 implementa 'get_unique_constraints'. Continuando sem verificar unicidade...
2026-01-15 17:01:01,211 - WARNING - \u26a0\ufe0f Este dialeto n緌 implementa 'get_unique_constraints'. Continuando sem verificar unicidade...
2026-01-15 17:01:01,732 - WARNING - \u26a0\ufe0f Este dialeto n緌 implementa 'get_unique_constraints'. Continuando sem verificar unicidade...
2026-01-15 17:01:02,345 - WARNING - \u26a0\ufe0f Este dialeto n緌 implementa 'get_unique_constraints'. Continuando sem verificar unicidade...
2026-01-15 17:01:02,647 - WARNING - \u26a0\ufe0f Este dialeto n緌 implementa 'get_unique_constraints'. Continuando sem verificar unicidade...
2026-01-15 17:01:03,154 - WARNING - \u26a0\ufe0f Este dialeto n緌 implementa 'get_unique_constraints'. Continuando sem verificar unicidade...
2026-01-15 17:01:03,892 - WARNING - \u26a0\ufe0f Este dialeto n緌 implementa 'get_unique_constraints'. Continuando sem verificar unicidade...
2026-01-15 17:01:04,506 - WARNING - \u26a0\ufe0f Este dialeto n緌 implementa 'get_unique_constraints'. Continuando sem verificar unicidade...
2026-01-15 17:01:04,759 - WARNING - \u26a0\ufe0f Este dialeto n緌 implementa 'get_unique_constraints'. Continuando sem verificar unicidade...
2026-01-15 17:01:05,080 - WARNING - \u26a0\ufe0f Este dialeto n緌 implementa 'get_unique_constraints'. Continuando sem verificar unicidade...
2026-01-15 17:01:05,504 - WARNING - \u26a0\ufe0f Este dialeto n緌 implementa 'get_unique_constraints'. Continuando sem verificar unicidade...
2026-01-15 17:01:05,966 - WARNING - \u26a0\ufe0f Este dialeto n緌 implementa 'get_unique_constraints'. Continuando sem verificar unicidade...
2026-01-15 17:01:06,635 - WARNING - \u26a0\ufe0f Este dialeto n緌 implementa 'get_unique_constraints'. Continuando sem verificar unicidade...
2026-01-15 17:01:08,330 - WARNING - \u26a0\ufe0f Este dialeto n緌 implementa 'get_unique_constraints'. Continuando sem verificar unicidade...
2026-01-15 17:01:08,717 - WARNING - \u26a0\ufe0f Este dialeto n緌 implementa 'get_unique_constraints'. Continuando sem verificar unicidade...
2026-01-15 17:01:09,170 - WARNING - \u26a0\ufe0f Este dialeto n緌 implementa 'get_unique_constraints'. Continuando sem verificar unicidade...
2026-01-15 17:01:09,415 - WARNING - \u26a0\ufe0f Este dialeto n緌 implementa 'get_unique_constraints'. Continuando sem verificar unicidade...
2026-01-15 17:01:09,894 - WARNING - \u26a0\ufe0f Este dialeto n緌 implementa 'get_unique_constraints'. Continuando sem verificar unicidade...
2026-01-15 17:01:10,387 - WARNING - \u26a0\ufe0f Este dialeto n緌 implementa 'get_unique_constraints'. Continuando sem verificar unicidade...
2026-01-15 17:01:10,763 - WARNING - \u26a0\ufe0f Este dialeto n緌 implementa 'get_unique_constraints'. Continuando sem verificar unicidade...
2026-01-15 17:01:11,272 - WARNING - \u26a0\ufe0f Este dialeto n緌 implementa 'get_unique_constraints'. Continuando sem verificar unicidade...
2026-01-15 17:01:11,568 - WARNING - \u26a0\ufe0f Este dialeto n緌 implementa 'get_unique_constraints'. Continuando sem verificar unicidade...
2026-01-15 17:01:11,872 - WARNING - \u26a0\ufe0f Este dialeto n緌 implementa 'get_unique_constraints'. Continuando sem verificar unicidade...
2026-01-15 17:01:12,243 - WARNING - \u26a0\ufe0f Este dialeto n緌 implementa 'get_unique_constraints'. Continuando sem verificar unicidade...
2026-01-15 17:01:12,563 - WARNING - \u26a0\ufe0f Este dialeto n緌 implementa 'get_unique_constraints'. Continuando sem verificar unicidade...
2026-01-15 17:01:12,896 - WARNING - \u26a0\ufe0f Este dialeto n緌 implementa 'get_unique_constraints'. Continuando sem verificar unicidade...
2026-01-15 17:01:13,231 - WARNING - \u26a0\ufe0f Este dialeto n緌 implementa 'get_unique_constraints'. Continuando sem verificar unicidade...
2026-01-15 17:01:13,588 - WARNING - \u26a0\ufe0f Este dialeto n緌 implementa 'get_unique_constraints'. Continuando sem verificar unicidade...
2026-01-15 17:01:13,923 - WARNING - \u26a0\ufe0f Este dialeto n緌 implementa 'get_unique_constraints'. Continuando sem verificar unicidade...
2026-01-15 17:01:14,453 - WARNING - \u26a0\ufe0f Este dialeto n緌 implementa 'get_unique_constraints'. Continuando sem verificar unicidade...
2026-01-15 17:01:14,825 - WARNING - \u26a0\ufe0f Este dialeto n緌 implementa 'get_unique_constraints'. Continuando sem verificar unicidade...
2026-01-15 17:01:15,081 - WARNING - \u26a0\ufe0f Este dialeto n緌 implementa 'get_unique_constraints'. Continuando sem verificar unicidade...
2026-01-15 17:01:15,465 - WARNING - \u26a0\ufe0f Este dialeto n緌 implementa 'get_unique_constraints'. Continuando sem verificar unicidade...
2026-01-15 17:01:16,043 - WARNING - \u26a0\ufe0f Este dialeto n緌 implementa 'get_unique_constraints'. Continuando sem verificar unicidade...
2026-01-15 17:01:16,424 - WARNING - \u26a0\ufe0f Este dialeto n緌 implementa 'get_unique_constraints'. Continuando sem verificar unicidade...
2026-01-15 17:01:18,282 - WARNING - \u26a0\ufe0f Este dialeto n緌 implementa 'get_unique_constraints'. Continuando sem verificar unicidade...
2026-01-15 17:01:18,688 - WARNING - \u26a0\ufe0f Este dialeto n緌 implementa 'get_unique_constraints'. Continuando sem verificar unicidade...
2026-01-15 17:01:18,929 - WARNING - \u26a0\ufe0f Este dialeto n緌 implementa 'get_unique_constraints'. Continuando sem verificar unicidade...
2026-01-15 17:01:19,283 - WARNING - \u26a0\ufe0f Este dialeto n緌 implementa 'get_unique_constraints'. Continuando sem verificar unicidade...
2026-01-15 17:01:19,562 - WARNING - \u26a0\ufe0f Este dialeto n緌 implementa 'get_unique_constraints'. Continuando sem verificar unicidade...
2026-01-15 17:01:19,805 - WARNING - \u26a0\ufe0f Este dialeto n緌 implementa 'get_unique_constraints'. Continuando sem verificar unicidade...
2026-01-15 17:01:20,277 - WARNING - \u26a0\ufe0f Este dialeto n緌 implementa 'get_unique_constraints'. Continuando sem verificar unicidade...
2026-01-15 17:01:20,579 - WARNING - \u26a0\ufe0f Este dialeto n緌 implementa 'get_unique_constraints'. Continuando sem verificar unicidade...
2026-01-15 17:01:20,851 - WARNING - \u26a0\ufe0f Este dialeto n緌 implementa 'get_unique_constraints'. Continuando sem verificar unicidade...
2026-01-15 17:01:21,117 - WARNING - \u26a0\ufe0f Este dialeto n緌 implementa 'get_unique_constraints'. Continuando sem verificar unicidade...
2026-01-15 17:01:21,392 - WARNING - \u26a0\ufe0f Este dialeto n緌 implementa 'get_unique_constraints'. Continuando sem verificar unicidade...
2026-01-15 17:01:21,765 - WARNING - \u26a0\ufe0f Este dialeto n緌 implementa 'get_unique_constraints'. Continuando sem verificar unicidade...
2026-01-15 17:01:22,071 - WARNING - \u26a0\ufe0f Este dialeto n緌 implementa 'get_unique_constraints'. Continuando sem verificar unicidade...
2026-01-15 17:01:22,471 - WARNING - \u26a0\ufe0f Este dialeto n緌 implementa 'get_unique_constraints'. Continuando sem verificar unicidade...
2026-01-15 17:01:22,836 - WARNING - \u26a0\ufe0f Este dialeto n緌 implementa 'get_unique_constraints'. Continuando sem verificar unicidade...
2026-01-15 17:01:23,238 - WARNING - \u26a0\ufe0f Este dialeto n緌 implementa 'get_unique_constraints'. Continuando sem verificar unicidade...
2026-01-15 17:01:23,888 - WARNING - \u26a0\ufe0f Este dialeto n緌 implementa 'get_unique_constraints'. Continuando sem verificar unicidade...
2026-01-15 17:01:24,376 - WARNING - \u26a0\ufe0f Este dialeto n緌 implementa 'get_unique_constraints'. Continuando sem verificar unicidade...
2026-01-15 17:01:24,814 - WARNING - \u26a0\ufe0f Este dialeto n緌 implementa 'get_unique_constraints'. Continuando sem verificar unicidade...
2026-01-15 17:01:25,232 - WARNING - \u26a0\ufe0f Este dialeto n緌 implementa 'get_unique_constraints'. Continuando sem verificar unicidade...
2026-01-15 17:01:25,873 - WARNING - \u26a0\ufe0f Este dialeto n緌 implementa 'get_unique_constraints'. Continuando sem verificar unicidade...
2026-01-15 17:01:28,407 - WARNING - \u26a0\ufe0f Este dialeto n緌 implementa 'get_unique_constraints'. Continuando sem verificar unicidade...
2026-01-15 17:14:43,288 - ERROR - Unclosed connection
connection: <aioodbc.connection.Connection object at 0x0000024EC1D7F4D0>
2026-01-15 17:14:56,138 - ERROR - Unclosed connection
connection: <aioodbc.connection.Connection object at 0x0000024EC2F11480>
2026-01-15 17:15:21,738 - ERROR - Unclosed connection
connection: <aioodbc.connection.Connection object at 0x0000024EC2F11A70>
2026-01-15 17:15:30,960 - ERROR - Unclosed connection
connection: <aioodbc.connection.Connection object at 0x0000024E9CDE9D30>
2026-01-15 17:15:30,963 - ERROR - Unclosed connection
connection: <aioodbc.connection.Connection object at 0x0000024EC1D7F110>
2026-01-15 17:43:13,541 - ERROR - Erro ao calcular tamanho do cache: [WinError 2] O sistema n緌 conseguiu localizar o ficheiro especificado: 'C:\\Users\\IT\\Documents\\Python\\gestorBd backend\\app\\config\\cache\\8b8248d9cdb0278dd61ed7eb60f8c82475bf498b5f2ac68b19387c4de1003cda.pkl.gz'Traceback (most recent call last):
  File "C:\Users\IT\Documents\Python\gestorBd backend\app\config\cache_manager.py", line 128, in _get_cache_size
    total_size += os.path.getsize(path)
                  ~~~~~~~~~~~~~~~^^^^^^
  File "<frozen genericpath>", line 86, in getsize
FileNotFoundError: [WinError 2] O sistema n緌 conseguiu localizar o ficheiro especificado: 'C:\\Users\\IT\\Documents\\Python\\gestorBd backend\\app\\config\\cache\\8b8248d9cdb0278dd61ed7eb60f8c82475bf498b5f2ac68b19387c4de1003cda.pkl.gz'

